
> client@0.1.0 dev
> next dev

   ▲ Next.js 15.4.4
   - Local:        http://localhost:3000
   - Network:      http://178.156.165.60:3000

 ✓ Starting...
 ✓ Ready in 1764ms
[?25h

> client@0.1.0 dev
> next dev

   ▲ Next.js 15.4.4
   - Local:        http://localhost:3000
   - Network:      http://178.156.165.60:3000

 ✓ Starting...
 ✓ Ready in 1841ms
 ○ Compiling / ...
 ✓ Compiled / in 7.5s (575 modules)
 ✓ Compiled in 697ms (231 modules)
 GET / 200 in 8321ms
 ✓ Compiled in 203ms (231 modules)
 ✓ Compiled in 216ms (231 modules)
 ✓ Compiled in 196ms (231 modules)
 ✓ Compiled in 154ms (231 modules)
 ✓ Compiled in 148ms (231 modules)
 ✓ Compiled in 178ms (231 modules)
 ✓ Compiled in 187ms (231 modules)
 ✓ Compiled in 132ms (231 modules)
 ✓ Compiled in 117ms (231 modules)
 ⚠ Cross origin request detected from 178.156.165.60 to /_next/* resource. In a future major version of Next.js, you will need to explicitly configure "allowedDevOrigins" in next.config to allow this.
Read more: https://nextjs.org/docs/app/api-reference/config/next-config-js/allowedDevOrigins
 ✓ Compiled in 139ms (231 modules)
 ✓ Compiled in 185ms (231 modules)
 GET / 200 in 184ms
 ✓ Compiled in 144ms (231 modules)
 GET / 200 in 110ms
 ✓ Compiled in 153ms (231 modules)
 ✓ Compiled in 134ms (231 modules)
 GET / 200 in 138ms
 ✓ Compiled in 162ms (231 modules)
 ✓ Compiled in 117ms (231 modules)
 GET / 200 in 100ms
 ✓ Compiled in 130ms (231 modules)
 ✓ Compiled in 125ms (231 modules)
 GET / 200 in 114ms
 ✓ Compiled in 136ms (231 modules)
 ✓ Compiled in 130ms (231 modules)
 GET / 200 in 95ms
 ✓ Compiled in 177ms (231 modules)
 ✓ Compiled in 163ms (231 modules)
 GET / 200 in 175ms
 ✓ Compiled in 144ms (231 modules)
 GET / 200 in 100ms
 ✓ Compiled in 150ms (231 modules)
 ✓ Compiled in 114ms (231 modules)
 GET / 200 in 139ms
 ✓ Compiled in 146ms (231 modules)
 ✓ Compiled in 145ms (231 modules)
 GET / 200 in 131ms
 ✓ Compiled in 136ms (231 modules)
 GET / 200 in 134ms
 ✓ Compiled in 146ms (231 modules)
 ✓ Compiled in 168ms (231 modules)
 GET / 200 in 190ms
 ✓ Compiled in 130ms (231 modules)
 ✓ Compiled in 135ms (231 modules)
 GET / 200 in 125ms
 ✓ Compiled in 156ms (231 modules)
[?25h

> client@0.1.0 dev
> next dev

   ▲ Next.js 15.4.4
   - Local:        http://localhost:3000
   - Network:      http://178.156.165.60:3000

 ✓ Starting...
 ✓ Ready in 1829ms
 ○ Compiling / ...
 ✓ Compiled / in 7.5s (575 modules)
 GET / 200 in 8114ms
 ✓ Compiled in 685ms (231 modules)
 ✓ Compiled in 179ms (231 modules)
 ✓ Compiled in 214ms (231 modules)
 ✓ Compiled in 221ms (231 modules)
 ✓ Compiled in 161ms (231 modules)
 ✓ Compiled in 144ms (231 modules)
 ✓ Compiled in 195ms (231 modules)
 ✓ Compiled in 180ms (231 modules)
 ✓ Compiled in 126ms (231 modules)
 ✓ Compiled in 126ms (231 modules)
 ✓ Compiled in 118ms (231 modules)
 ⚠ Cross origin request detected from 178.156.165.60 to /_next/* resource. In a future major version of Next.js, you will need to explicitly configure "allowedDevOrigins" in next.config to allow this.
Read more: https://nextjs.org/docs/app/api-reference/config/next-config-js/allowedDevOrigins
 ✓ Compiled in 152ms (231 modules)
 ✓ Compiled in 161ms (231 modules)
 GET / 200 in 160ms
 ✓ Compiled in 166ms (231 modules)
 ✓ Compiled in 124ms (231 modules)
 GET / 200 in 135ms
 ✓ Compiled in 162ms (231 modules)
 ✓ Compiled in 134ms (231 modules)
 GET / 200 in 142ms
 ✓ Compiled in 124ms (231 modules)
 ✓ Compiled in 119ms (231 modules)
 GET / 200 in 101ms
 ✓ Compiled in 155ms (231 modules)
 ✓ Compiled in 148ms (231 modules)
 GET / 200 in 176ms
 ✓ Compiled in 156ms (231 modules)
 ✓ Compiled in 157ms (231 modules)
 GET / 200 in 185ms
 ✓ Compiled in 116ms (231 modules)
 ✓ Compiled in 142ms (231 modules)
 GET / 200 in 157ms
 ✓ Compiled in 125ms (231 modules)
 ✓ Compiled in 133ms (231 modules)
 GET / 200 in 125ms
 ✓ Compiled in 144ms (231 modules)
 GET / 200 in 132ms
 ✓ Compiled in 137ms (231 modules)
 ✓ Compiled in 148ms (231 modules)
 GET / 200 in 142ms
 GET / 200 in 291ms
 ✓ Compiled in 265ms (231 modules)
 ✓ Compiled in 129ms (231 modules)
 ✓ Compiled in 131ms (231 modules)
 ✓ Compiled in 124ms (231 modules)
 ✓ Compiled in 118ms (231 modules)
 ✓ Compiled in 147ms (231 modules)
 ✓ Compiled in 166ms (231 modules)
 ✓ Compiled in 132ms (231 modules)
 ✓ Compiled in 151ms (231 modules)
 ✓ Compiled in 100ms (231 modules)
 ✓ Compiled in 138ms (231 modules)
 ✓ Compiled in 137ms (231 modules)
 ✓ Compiled in 120ms (231 modules)
 GET / 200 in 103ms
 ✓ Compiled in 154ms (231 modules)
 ✓ Compiled in 119ms (231 modules)
 GET / 200 in 93ms
 ✓ Compiled in 141ms (231 modules)
 ✓ Compiled in 119ms (231 modules)
 GET / 200 in 86ms
 ✓ Compiled in 136ms (231 modules)
 ✓ Compiled in 294ms (231 modules)
 GET / 200 in 343ms
 ✓ Compiled in 164ms (231 modules)
 ✓ Compiled in 112ms (231 modules)
 GET / 200 in 95ms
 ✓ Compiled in 164ms (231 modules)
 ✓ Compiled in 137ms (231 modules)
 GET / 200 in 136ms
 ✓ Compiled in 126ms (231 modules)
 ✓ Compiled in 158ms (231 modules)
 GET / 200 in 164ms
 ✓ Compiled in 126ms (231 modules)
 ✓ Compiled in 124ms (231 modules)
 GET / 200 in 139ms
 ✓ Compiled in 121ms (231 modules)
 ✓ Compiled in 112ms (231 modules)
 GET / 200 in 152ms
 ✓ Compiled in 124ms (231 modules)
 ✓ Compiled in 126ms (231 modules)
 GET / 200 in 131ms
 ✓ Compiled in 118ms (231 modules)
 ✓ Compiled in 143ms (231 modules)
 GET / 200 in 156ms
 ✓ Compiled in 126ms (231 modules)
 ✓ Compiled in 131ms (231 modules)
 GET / 200 in 74ms
 ✓ Compiled in 112ms (231 modules)
 ✓ Compiled in 116ms (231 modules)
 GET / 200 in 68ms
 ✓ Compiled in 126ms (231 modules)
 ✓ Compiled in 106ms (231 modules)
 GET / 200 in 70ms
 ✓ Compiled in 125ms (231 modules)
 ✓ Compiled in 117ms (231 modules)
 GET / 200 in 136ms
 ✓ Compiled in 130ms (231 modules)
 ✓ Compiled in 103ms (231 modules)
 GET / 200 in 67ms
 ✓ Compiled in 117ms (231 modules)
 ✓ Compiled in 113ms (231 modules)
 GET / 200 in 115ms
 ✓ Compiled in 118ms (231 modules)
 ✓ Compiled in 106ms (231 modules)
 GET / 200 in 89ms
 ✓ Compiled in 127ms (231 modules)
 ✓ Compiled in 119ms (231 modules)
 ⨯ SyntaxError: Unexpected end of JSON input
    at JSON.parse (<anonymous>) {
  page: '/'
}
 ⨯ SyntaxError: Unexpected end of JSON input
    at JSON.parse (<anonymous>) {
  page: '/'
}
 ○ Compiling /_error ...
 ✓ Compiled /_error in 5.2s (885 modules)
 ✓ Compiled in 183ms (379 modules)
 GET / 500 in 5757ms
 GET / 500 in 5752ms
 ✓ Compiled in 288ms (379 modules)
 ✓ Compiled in 171ms (379 modules)
 ✓ Compiled in 197ms (379 modules)
 ✓ Compiled in 157ms (379 modules)
 ✓ Compiled in 164ms (379 modules)
 ✓ Compiled in 158ms (379 modules)
 ✓ Compiled in 179ms (379 modules)
 ✓ Compiled in 180ms (379 modules)
 ✓ Compiled in 157ms (379 modules)
 ✓ Compiled in 134ms (379 modules)
 ✓ Compiled in 139ms (379 modules)
 ✓ Compiled in 131ms (379 modules)
 ✓ Compiled in 145ms (379 modules)
 ✓ Compiled in 130ms (379 modules)
 ✓ Compiled in 134ms (379 modules)
 ✓ Compiled in 126ms (379 modules)
 ✓ Compiled in 144ms (379 modules)
 ✓ Compiled in 121ms (379 modules)
 ✓ Compiled in 129ms (379 modules)
 ✓ Compiled in 199ms (379 modules)
 ✓ Compiled in 428ms (379 modules)
 GET / 200 in 516ms
 ✓ Compiled in 140ms (379 modules)
 ✓ Compiled in 148ms (379 modules)
 ✓ Compiled in 146ms (379 modules)
 ✓ Compiled in 136ms (379 modules)
 ✓ Compiled in 143ms (379 modules)
 ✓ Compiled in 146ms (379 modules)
 ✓ Compiled in 140ms (379 modules)
 ✓ Compiled in 150ms (379 modules)
 ✓ Compiled in 124ms (379 modules)
 ✓ Compiled in 133ms (379 modules)
 ✓ Compiled in 154ms (379 modules)
 GET / 200 in 168ms
 ✓ Compiled in 155ms (379 modules)
 ✓ Compiled in 122ms (379 modules)
 GET / 200 in 82ms
 ✓ Compiled in 132ms (379 modules)
 ✓ Compiled in 121ms (379 modules)
 ✓ Compiled in 133ms (379 modules)
 GET / 200 in 94ms
 ✓ Compiled in 140ms (379 modules)
 ✓ Compiled in 129ms (379 modules)
 GET / 200 in 137ms
 ✓ Compiled in 164ms (379 modules)
 ✓ Compiled in 149ms (379 modules)
 GET / 200 in 98ms
 ✓ Compiled in 146ms (379 modules)
 ✓ Compiled in 136ms (379 modules)
 GET / 200 in 110ms
 ✓ Compiled in 155ms (379 modules)
 ✓ Compiled in 135ms (379 modules)
 GET / 200 in 88ms
 ✓ Compiled in 137ms (379 modules)
 ✓ Compiled in 158ms (379 modules)
 GET / 200 in 152ms
 ✓ Compiled in 144ms (379 modules)
 ✓ Compiled in 164ms (379 modules)
 GET / 200 in 182ms
 ✓ Compiled in 153ms (379 modules)
 ✓ Compiled in 128ms (379 modules)
 GET / 200 in 147ms
 ✓ Compiled in 138ms (379 modules)
 ✓ Compiled in 149ms (379 modules)
 GET / 200 in 145ms
 ✓ Compiled in 144ms (379 modules)
 ✓ Compiled in 148ms (379 modules)
 GET / 200 in 148ms
 ✓ Compiled in 139ms (379 modules)
 ✓ Compiled in 147ms (379 modules)
 GET / 200 in 142ms
 ✓ Compiled in 150ms (379 modules)
 ✓ Compiled in 166ms (379 modules)
 GET / 200 in 155ms
 ✓ Compiled in 144ms (379 modules)
 ✓ Compiled in 135ms (379 modules)
 GET / 200 in 94ms
 ✓ Compiled in 137ms (379 modules)
 ✓ Compiled in 136ms (379 modules)
 GET / 200 in 136ms
 ✓ Compiled in 175ms (379 modules)
 ✓ Compiled in 406ms (379 modules)
 GET / 200 in 382ms
 ✓ Compiled in 151ms (379 modules)
 GET / 200 in 142ms
 ✓ Compiled in 170ms (379 modules)
 ✓ Compiled in 125ms (379 modules)
 GET / 200 in 87ms
 ✓ Compiled in 149ms (379 modules)
 ✓ Compiled in 116ms (379 modules)
 GET / 200 in 98ms
 ✓ Compiled in 153ms (379 modules)
 ✓ Compiled in 127ms (379 modules)
 GET / 200 in 91ms
 ✓ Compiled in 140ms (379 modules)
 ✓ Compiled in 127ms (379 modules)
 GET / 200 in 96ms
 ✓ Compiled in 146ms (379 modules)
 ✓ Compiled in 135ms (379 modules)
 GET / 200 in 101ms
 ✓ Compiled in 154ms (379 modules)
 ✓ Compiled in 129ms (379 modules)
 GET / 200 in 91ms
 ✓ Compiled in 135ms (379 modules)
 ✓ Compiled in 149ms (379 modules)
 GET / 200 in 101ms
 ✓ Compiled in 141ms (379 modules)
 ✓ Compiled in 129ms (379 modules)
 GET / 200 in 81ms
 ✓ Compiled in 146ms (379 modules)
 ✓ Compiled in 120ms (379 modules)
 GET / 200 in 86ms
 ✓ Compiled in 137ms (379 modules)
 ✓ Compiled in 133ms (379 modules)
 GET / 200 in 78ms
 ✓ Compiled in 148ms (379 modules)
 ✓ Compiled in 125ms (379 modules)
 GET / 200 in 83ms
 ✓ Compiled in 129ms (379 modules)
 ✓ Compiled in 122ms (379 modules)
 GET / 200 in 77ms
 ✓ Compiled in 139ms (379 modules)
 ✓ Compiled in 120ms (379 modules)
 GET / 200 in 68ms
 ✓ Compiled in 128ms (379 modules)
 ✓ Compiled in 124ms (379 modules)
 GET / 200 in 87ms
 ✓ Compiled in 135ms (379 modules)
 ✓ Compiled in 120ms (379 modules)
 GET / 200 in 78ms
 ✓ Compiled in 136ms (379 modules)
 ✓ Compiled in 161ms (379 modules)
 GET / 200 in 177ms
 ✓ Compiled in 168ms (379 modules)
 ✓ Compiled in 125ms (379 modules)
 GET / 200 in 82ms
 ✓ Compiled in 131ms (379 modules)
 ✓ Compiled in 124ms (379 modules)
 GET / 200 in 68ms
 ✓ Compiled in 136ms (379 modules)
 ✓ Compiled in 146ms (379 modules)
 GET / 200 in 131ms
 ✓ Compiled in 151ms (379 modules)
 ✓ Compiled in 130ms (379 modules)
 GET / 200 in 92ms
 ✓ Compiled in 143ms (379 modules)
 ✓ Compiled in 130ms (379 modules)
 GET / 200 in 128ms
 ✓ Compiled in 146ms (379 modules)
 ✓ Compiled in 155ms (379 modules)
 GET / 200 in 146ms
 ✓ Compiled in 135ms (379 modules)
 ✓ Compiled in 126ms (379 modules)
 GET / 200 in 90ms
 ✓ Compiled in 146ms (379 modules)
 ✓ Compiled in 128ms (379 modules)
 GET / 200 in 138ms
 ✓ Compiled in 162ms (379 modules)
 ✓ Compiled in 124ms (379 modules)
 GET / 200 in 81ms
 ✓ Compiled in 134ms (379 modules)
 ✓ Compiled in 132ms (379 modules)
 GET / 200 in 101ms
 ✓ Compiled in 135ms (379 modules)
 ✓ Compiled in 122ms (379 modules)
 GET / 200 in 92ms
 ✓ Compiled in 152ms (379 modules)
 ✓ Compiled in 123ms (379 modules)
 GET / 200 in 69ms
 ✓ Compiled in 138ms (379 modules)
 ✓ Compiled in 154ms (379 modules)
 GET / 200 in 167ms
 ✓ Compiled in 193ms (379 modules)
 ✓ Compiled in 136ms (379 modules)
 GET / 200 in 150ms
 ✓ Compiled in 135ms (379 modules)
 ✓ Compiled in 131ms (379 modules)
 GET / 200 in 79ms
 ✓ Compiled in 133ms (379 modules)
 ✓ Compiled in 155ms (379 modules)
 GET / 200 in 148ms
 ✓ Compiled in 137ms (379 modules)
 ✓ Compiled in 152ms (379 modules)
 GET / 200 in 103ms
 ✓ Compiled in 152ms (379 modules)
 ✓ Compiled in 147ms (379 modules)
 GET / 200 in 128ms
 ✓ Compiled in 123ms (379 modules)
 ✓ Compiled in 121ms (379 modules)
 GET / 200 in 85ms
 ✓ Compiled in 140ms (379 modules)
 ✓ Compiled in 144ms (379 modules)
 GET / 200 in 137ms
 ✓ Compiled in 141ms (379 modules)
 ✓ Compiled in 125ms (379 modules)
 GET / 200 in 119ms
 ✓ Compiled in 152ms (379 modules)
 ✓ Compiled in 129ms (379 modules)
 GET / 200 in 114ms
 ✓ Compiled in 153ms (379 modules)
 ✓ Compiled in 142ms (379 modules)
 GET / 200 in 142ms
 ✓ Compiled in 137ms (379 modules)
 ✓ Compiled in 135ms (379 modules)
 GET / 200 in 147ms
 ✓ Compiled in 135ms (379 modules)
 ✓ Compiled in 136ms (379 modules)
 GET / 200 in 137ms
 ✓ Compiled in 129ms (379 modules)
 GET / 200 in 38ms
 ✓ Compiled in 150ms (379 modules)
 ✓ Compiled in 133ms (379 modules)
 GET / 200 in 111ms
 ✓ Compiled in 139ms (379 modules)
 ✓ Compiled in 134ms (379 modules)
 GET / 200 in 149ms
 ✓ Compiled in 121ms (379 modules)
 ✓ Compiled in 131ms (379 modules)
 GET / 200 in 101ms
 ✓ Compiled in 146ms (379 modules)
 ✓ Compiled in 124ms (379 modules)
 GET / 200 in 127ms
 ✓ Compiled in 148ms (379 modules)
 ✓ Compiled in 138ms (379 modules)
 GET / 200 in 145ms
 ✓ Compiled in 157ms (379 modules)
 GET / 200 in 51ms
 ✓ Compiled in 142ms (379 modules)
 ✓ Compiled in 145ms (379 modules)
 GET / 200 in 144ms
 ✓ Compiled in 137ms (379 modules)
 ✓ Compiled in 122ms (379 modules)
 GET / 200 in 87ms
 ✓ Compiled in 136ms (379 modules)
 ⨯ SyntaxError: Unexpected end of JSON input
    at JSON.parse (<anonymous>) {
  page: '/'
}
 ✓ Compiled in 193ms (379 modules)
 ✓ Compiled in 138ms (379 modules)
 GET / 500 in 422ms
 ✓ Compiled in 158ms (379 modules)
 GET / 200 in 32ms
 ✓ Compiled in 140ms (379 modules)
 ✓ Compiled in 146ms (379 modules)
 GET / 200 in 106ms
 ✓ Compiled in 141ms (379 modules)
 ✓ Compiled in 130ms (379 modules)
 GET / 200 in 138ms
 ✓ Compiled in 139ms (379 modules)
 ✓ Compiled in 133ms (379 modules)
 GET / 200 in 85ms
 ✓ Compiled in 154ms (379 modules)
 ✓ Compiled in 134ms (379 modules)
 GET / 200 in 152ms
 ✓ Compiled in 144ms (379 modules)
 ✓ Compiled in 134ms (379 modules)
 GET / 200 in 148ms
 ✓ Compiled in 192ms (379 modules)
 ✓ Compiled in 135ms (379 modules)
 GET / 200 in 148ms
 ✓ Compiled in 145ms (379 modules)
 ✓ Compiled in 140ms (379 modules)
 GET / 200 in 150ms
 ✓ Compiled in 472ms (379 modules)
 GET / 200 in 108ms
 ✓ Compiled in 164ms (379 modules)
 GET / 200 in 59ms
 ✓ Compiled in 164ms (379 modules)
 ✓ Compiled in 171ms (379 modules)
 GET / 200 in 164ms
 ✓ Compiled in 145ms (379 modules)
 GET / 200 in 150ms
 ✓ Compiled in 146ms (379 modules)
 ✓ Compiled in 133ms (379 modules)
 GET / 200 in 76ms
 ✓ Compiled in 140ms (379 modules)
 ✓ Compiled in 130ms (379 modules)
 GET / 200 in 136ms
 ✓ Compiled in 135ms (379 modules)
 ✓ Compiled in 143ms (379 modules)
 GET / 200 in 99ms
 ✓ Compiled in 141ms (379 modules)
 ✓ Compiled in 133ms (379 modules)
 GET / 200 in 148ms
 ✓ Compiled in 187ms (379 modules)
 ✓ Compiled in 155ms (379 modules)
 GET / 200 in 143ms
 ✓ Compiled in 149ms (379 modules)
 GET / 200 in 143ms
 ✓ Compiled in 153ms (379 modules)
 ✓ Compiled in 128ms (379 modules)
 GET / 200 in 151ms
 ✓ Compiled in 134ms (379 modules)
 ✓ Compiled in 120ms (379 modules)
 GET / 200 in 89ms
 ✓ Compiled in 149ms (379 modules)
 ✓ Compiled in 143ms (379 modules)
 GET / 200 in 164ms
 ✓ Compiled in 155ms (379 modules)
 ✓ Compiled in 130ms (379 modules)
 GET / 200 in 130ms
 ✓ Compiled in 154ms (379 modules)
 ✓ Compiled in 138ms (379 modules)
 GET / 200 in 144ms
 ✓ Compiled in 145ms (379 modules)
 ✓ Compiled in 132ms (379 modules)
 GET / 200 in 138ms
 ✓ Compiled in 134ms (379 modules)
 ✓ Compiled in 135ms (379 modules)
 GET / 200 in 135ms
 ✓ Compiled in 126ms (379 modules)
 GET / 200 in 75ms
 ✓ Compiled in 132ms (379 modules)
 ✓ Compiled in 131ms (379 modules)
 GET / 200 in 95ms
 ✓ Compiled in 137ms (379 modules)
 GET / 200 in 99ms
 ✓ Compiled in 137ms (379 modules)
 ✓ Compiled in 137ms (379 modules)
 GET / 200 in 103ms
 GET / 200 in 178ms
 ✓ Compiled in 179ms (379 modules)
 ✓ Compiled in 141ms (379 modules)
 ✓ Compiled in 148ms (379 modules)
 ✓ Compiled in 149ms (379 modules)
 ✓ Compiled in 152ms (379 modules)
 ✓ Compiled in 140ms (379 modules)
 ✓ Compiled in 142ms (379 modules)
 ✓ Compiled in 153ms (379 modules)
 ✓ Compiled in 138ms (379 modules)
 ✓ Compiled in 142ms (379 modules)
 ✓ Compiled in 115ms (379 modules)
 ✓ Compiled in 124ms (379 modules)
 ✓ Compiled in 126ms (379 modules)
 ✓ Compiled in 120ms (379 modules)
 ✓ Compiled in 117ms (379 modules)
 ✓ Compiled in 122ms (379 modules)
 ✓ Compiled in 122ms (379 modules)
 ✓ Compiled in 114ms (379 modules)
 ✓ Compiled in 115ms (379 modules)
 ✓ Compiled in 138ms (379 modules)
 ✓ Compiled in 109ms (379 modules)
 ✓ Compiled in 116ms (379 modules)
 ✓ Compiled in 132ms (379 modules)
 ✓ Compiled in 123ms (379 modules)
 ✓ Compiled in 113ms (379 modules)
 ✓ Compiled in 127ms (379 modules)
 ✓ Compiled in 118ms (379 modules)
 ✓ Compiled in 126ms (379 modules)
 ✓ Compiled in 122ms (379 modules)
 ✓ Compiled in 115ms (379 modules)
 ✓ Compiled in 121ms (379 modules)
 ✓ Compiled in 121ms (379 modules)
 ✓ Compiled in 126ms (379 modules)
 ✓ Compiled in 118ms (379 modules)
 ✓ Compiled in 118ms (379 modules)
 ✓ Compiled in 117ms (379 modules)
 ✓ Compiled in 121ms (379 modules)
 ✓ Compiled in 127ms (379 modules)
 ✓ Compiled in 121ms (379 modules)
 ✓ Compiled in 122ms (379 modules)
 ✓ Compiled in 115ms (379 modules)
 ✓ Compiled in 121ms (379 modules)
 ✓ Compiled in 131ms (379 modules)
 ✓ Compiled in 134ms (379 modules)
 ✓ Compiled in 115ms (379 modules)
 ✓ Compiled in 122ms (379 modules)
 ✓ Compiled in 118ms (379 modules)
 ✓ Compiled in 127ms (379 modules)
 ✓ Compiled in 121ms (379 modules)
 ✓ Compiled in 119ms (379 modules)
 ✓ Compiled in 122ms (379 modules)
 ✓ Compiled in 121ms (379 modules)
 ✓ Compiled in 121ms (379 modules)
 ✓ Compiled in 120ms (379 modules)
 ✓ Compiled in 120ms (379 modules)
 ✓ Compiled in 141ms (379 modules)
 ✓ Compiled in 129ms (379 modules)
 ✓ Compiled in 126ms (379 modules)
 ✓ Compiled in 122ms (379 modules)
 ✓ Compiled in 124ms (379 modules)
 ✓ Compiled in 134ms (379 modules)
 ✓ Compiled in 121ms (379 modules)
 ✓ Compiled in 121ms (379 modules)
 ✓ Compiled in 122ms (379 modules)
 ✓ Compiled in 142ms (379 modules)
 ✓ Compiled in 212ms (379 modules)
 ✓ Compiled in 223ms (379 modules)
 ✓ Compiled in 249ms (379 modules)
 ✓ Compiled in 235ms (379 modules)
 ✓ Compiled in 231ms (379 modules)
 ✓ Compiled in 225ms (379 modules)
 ✓ Compiled in 210ms (379 modules)
 ✓ Compiled in 232ms (379 modules)
 ✓ Compiled in 248ms (379 modules)
 ✓ Compiled in 224ms (379 modules)
 ✓ Compiled in 194ms (379 modules)
 ✓ Compiled in 208ms (379 modules)
 ✓ Compiled in 210ms (379 modules)
 ✓ Compiled in 301ms (379 modules)
 ✓ Compiled in 157ms (379 modules)
 ✓ Compiled in 152ms (379 modules)
 ✓ Compiled in 255ms (379 modules)
 ✓ Compiled in 254ms (379 modules)
 ✓ Compiled in 259ms (379 modules)
 ✓ Compiled in 258ms (379 modules)
 ✓ Compiled in 124ms (379 modules)
 ✓ Compiled in 195ms (379 modules)
 ✓ Compiled in 246ms (379 modules)
 ✓ Compiled in 143ms (379 modules)
 ✓ Compiled in 128ms (379 modules)
 ✓ Compiled in 135ms (379 modules)
 ✓ Compiled in 117ms (379 modules)
 ✓ Compiled in 121ms (379 modules)
 ✓ Compiled in 122ms (379 modules)
 ✓ Compiled in 122ms (379 modules)
 ✓ Compiled in 119ms (379 modules)
 ✓ Compiled in 122ms (379 modules)
 ✓ Compiled in 125ms (379 modules)
 ✓ Compiled in 450ms (379 modules)
 ✓ Compiled in 136ms (379 modules)
 ✓ Compiled in 125ms (379 modules)
 ✓ Compiled in 129ms (379 modules)
 ✓ Compiled in 134ms (379 modules)
 ✓ Compiled in 123ms (379 modules)
 ✓ Compiled in 135ms (379 modules)
 ✓ Compiled in 137ms (379 modules)
 ✓ Compiled in 126ms (379 modules)
 ✓ Compiled in 124ms (379 modules)
 ✓ Compiled in 145ms (379 modules)
 ✓ Compiled in 132ms (379 modules)
 ✓ Compiled in 133ms (379 modules)
 ✓ Compiled in 127ms (379 modules)
 ✓ Compiled in 121ms (379 modules)
 ✓ Compiled in 140ms (379 modules)
 ✓ Compiled in 134ms (379 modules)
 ✓ Compiled in 119ms (379 modules)
 ✓ Compiled in 133ms (379 modules)
 ✓ Compiled in 117ms (379 modules)
 ✓ Compiled in 119ms (379 modules)
 ✓ Compiled in 123ms (379 modules)
 ✓ Compiled in 123ms (379 modules)
 ✓ Compiled in 133ms (379 modules)
 ✓ Compiled in 115ms (379 modules)
 ✓ Compiled in 117ms (379 modules)
 ✓ Compiled in 126ms (379 modules)
 ✓ Compiled in 112ms (379 modules)
 ✓ Compiled in 128ms (379 modules)
 ✓ Compiled in 123ms (379 modules)
 ✓ Compiled in 124ms (379 modules)
 ✓ Compiled in 112ms (379 modules)
 ✓ Compiled in 117ms (379 modules)
 ✓ Compiled in 125ms (379 modules)
 ✓ Compiled in 110ms (379 modules)
 ✓ Compiled in 112ms (379 modules)
 ✓ Compiled in 120ms (379 modules)
 ✓ Compiled in 121ms (379 modules)
 ✓ Compiled in 116ms (379 modules)
 ✓ Compiled in 194ms (379 modules)
 ✓ Compiled in 219ms (379 modules)
 ✓ Compiled in 215ms (379 modules)
 ✓ Compiled in 236ms (379 modules)
 ✓ Compiled in 202ms (379 modules)
 ✓ Compiled in 204ms (379 modules)
 ✓ Compiled in 121ms (379 modules)
 ✓ Compiled in 123ms (379 modules)
 ✓ Compiled in 124ms (379 modules)
 ✓ Compiled in 122ms (379 modules)
 ✓ Compiled in 117ms (379 modules)
 ✓ Compiled in 121ms (379 modules)
 ✓ Compiled in 116ms (379 modules)
 ✓ Compiled in 113ms (379 modules)
 ✓ Compiled in 127ms (379 modules)
 ✓ Compiled in 120ms (379 modules)
 ✓ Compiled in 123ms (379 modules)
 ✓ Compiled in 126ms (379 modules)
 ✓ Compiled in 125ms (379 modules)
 ✓ Compiled in 115ms (379 modules)
 ✓ Compiled in 117ms (379 modules)
 ✓ Compiled in 115ms (379 modules)
 ✓ Compiled in 121ms (379 modules)
 ✓ Compiled in 123ms (379 modules)
 ✓ Compiled in 127ms (379 modules)
 ✓ Compiled in 917ms (379 modules)
 ✓ Compiled in 805ms (379 modules)
 ✓ Compiled in 189ms (379 modules)
 ✓ Compiled in 175ms (379 modules)
 ✓ Compiled in 148ms (379 modules)
 ✓ Compiled in 129ms (379 modules)
 ✓ Compiled in 130ms (379 modules)
 ✓ Compiled in 144ms (379 modules)
 ✓ Compiled in 148ms (379 modules)
 ✓ Compiled in 136ms (379 modules)
 ✓ Compiled in 131ms (379 modules)
 ✓ Compiled in 159ms (379 modules)
 ✓ Compiled in 129ms (379 modules)
 ✓ Compiled in 164ms (379 modules)
 ✓ Compiled in 144ms (379 modules)
 ✓ Compiled in 160ms (379 modules)
 ✓ Compiled in 133ms (379 modules)
[?25h
